app/build/intermediates/manifest_merge_blame_file/debug/manifest-merger-blame-debug-report.txt
1<?xml version="1.0" encoding="utf-8"?>
2<manifest xmlns:android="http://schemas.android.com/apk/res/android"
3    package="com.uuu"
4    android:versionCode="1"
5    android:versionName="1.0" >
6
7    <uses-sdk
8        android:minSdkVersion="24"
8-->src\main\AndroidManifest.xml
9        android:targetSdkVersion="31" />
9-->src\main\AndroidManifest.xml
10
11    <application
11-->src\main\AndroidManifest.xml:7:5-17:19
12        android:appComponentFactory="android.support.v4.app.CoreComponentFactory"
12-->[com.android.support:support-compat:28.0.0] AndroidManifest.xml:22:18-91
13        android:debuggable="true"
14        android:extractNativeLibs="false"
15        android:icon="@drawable/icon"
15-->src\main\AndroidManifest.xml:7:18-47
16        android:label="@string/app_name"
16-->src\main\AndroidManifest.xml:7:48-80
17        android:testOnly="true" >
18        <activity
18-->src\main\AndroidManifest.xml:8:9-15:20
19            android:name="com.uuu.DialogExerciseActivity"
19-->src\main\AndroidManifest.xml:9:13-51
20            android:exported="true"
20-->src\main\AndroidManifest.xml:8:19-42
21            android:label="@string/app_name" >
21-->src\main\AndroidManifest.xml:10:19-51
22            <intent-filter>
22-->src\main\AndroidManifest.xml:11:13-14:29
23                <action android:name="android.intent.action.MAIN" />
23-->src\main\AndroidManifest.xml:12:17-69
23-->src\main\AndroidManifest.xml:12:25-66
24
25                <category android:name="android.intent.category.LAUNCHER" />
25-->src\main\AndroidManifest.xml:13:17-77
25-->src\main\AndroidManifest.xml:13:27-74
26            </intent-filter>
27        </activity>
28    </application>
29
30</manifest>